<?xml version="1.0" encoding="UTF-8"?>
<testsuite xmlns:xsi="http://www.w3.org/2001/XMLSchema-instance" xsi:noNamespaceSchemaLocation="https://maven.apache.org/surefire/maven-surefire-plugin/xsd/surefire-test-report-3.0.xsd" version="3.0" name="fachada.IadminAccesoTest" time="1.421" tests="5" errors="0" skipped="0" failures="0">
  <properties>
[...]
</properties>
  <testcase name="testIniciarSesion_Exito_ReturnUsuarioDTO" classname="fachada.IadminAccesoTest" time="1.342">
    <system-err><![CDATA[WARNING: A Java agent has been loaded dynamically (C:\Users\castr\.m2\repository\net\bytebuddy\byte-buddy-agent\1.14.5\byte-buddy-agent-1.14.5.jar)
WARNING: If a serviceability tool is in use, please run with -XX:+EnableDynamicAgentLoading to hide this warning
WARNING: If a serviceability tool is not in use, please run with -Djdk.instrument.traceUsage for more information
WARNING: Dynamic loading of agents will be disallowed by default in a future release
nov 06, 2024 12:32:47 P. M. com.mongodb.diagnostics.logging.JULLogger log
INFO: Cluster created with settings {hosts=[localhost:27017], mode=SINGLE, requiredClusterType=UNKNOWN, serverSelectionTimeout='30000 ms', maxWaitQueueSize=500}
nov 06, 2024 12:32:47 P. M. com.mongodb.diagnostics.logging.JULLogger log
INFO: Cluster description not yet available. Waiting for 30000 ms before timing out
nov 06, 2024 12:32:47 P. M. com.mongodb.diagnostics.logging.JULLogger log
INFO: Opened connection [connectionId{localValue:1}] to localhost:27017
nov 06, 2024 12:32:47 P. M. com.mongodb.diagnostics.logging.JULLogger log
INFO: Monitor thread successfully connected to server with description ServerDescription{address=localhost:27017, type=STANDALONE, state=CONNECTED, ok=true, version=ServerVersion{versionList=[7, 0, 8]}, minWireVersion=0, maxWireVersion=21, maxDocumentSize=16777216, logicalSessionTimeoutMinutes=30, roundTripTimeNanos=2921400}
nov 06, 2024 12:32:48 P. M. com.mongodb.diagnostics.logging.JULLogger log
INFO: Opened connection [connectionId{localValue:2}] to localhost:27017
]]></system-err>
  </testcase>
  <testcase name="testIniciarSesion_UsuarioNull_ReturnNull" classname="fachada.IadminAccesoTest" time="0.005"/>
  <testcase name="testIniciarSesion_CURPIncorrecto_ReturnNull" classname="fachada.IadminAccesoTest" time="0.006"/>
  <testcase name="testIniciarSesion_TiempoDeRespuesta_LessThan200ms" classname="fachada.IadminAccesoTest" time="0.006"/>
  <testcase name="testIniciarSesion_InvocacionCtrlAdminAcceso_OneInvocation" classname="fachada.IadminAccesoTest" time="0.015"/>
</testsuite>