-------------------------------------------------------------------------------
Test set: persistencia.persistenciaEscuela.AlumnoDAOTest
-------------------------------------------------------------------------------
Tests run: 14, Failures: 0, Errors: 10, Skipped: 0, Time elapsed: 0.234 s <<< FAILURE! -- in persistencia.persistenciaEscuela.AlumnoDAOTest
persistencia.persistenciaEscuela.AlumnoDAOTest.testRecuperarAlumnosPorGrado_RetornaListaFiltrada -- Time elapsed: 0.065 s <<< ERROR!
java.lang.NullPointerException: Cannot invoke "persistencia.persistenciaEscuela.IAlumnoDAO.recuperarAlumnosPorGrado(String)" because "this.alumnoDAO" is null
	at persistencia.persistenciaEscuela.AlumnoDAOTest.testRecuperarAlumnosPorGrado_RetornaListaFiltrada(AlumnoDAOTest.java:128)
	at java.base/java.lang.reflect.Method.invoke(Method.java:580)
	at java.base/java.util.ArrayList.forEach(ArrayList.java:1596)
	at java.base/java.util.ArrayList.forEach(ArrayList.java:1596)

persistencia.persistenciaEscuela.AlumnoDAOTest.testConcurrencia_MultiplesBusquedasSimultaneas -- Time elapsed: 0.004 s <<< ERROR!
java.lang.NullPointerException: Cannot invoke "persistencia.persistenciaEscuela.IAlumnoDAO.recuperarAlumnosPorGrado(String)" because "this.alumnoDAO" is null
	at persistencia.persistenciaEscuela.AlumnoDAOTest.testConcurrencia_MultiplesBusquedasSimultaneas(AlumnoDAOTest.java:217)
	at java.base/java.lang.reflect.Method.invoke(Method.java:580)
	at java.base/java.util.ArrayList.forEach(ArrayList.java:1596)
	at java.base/java.util.ArrayList.forEach(ArrayList.java:1596)

persistencia.persistenciaEscuela.AlumnoDAOTest.testRecuperarAlumnosPorGrupo_RetornaListaFiltrada -- Time elapsed: 0.002 s <<< ERROR!
java.lang.NullPointerException: Cannot invoke "persistencia.persistenciaEscuela.IAlumnoDAO.recuperarAlumnosPorGrupo(String)" because "this.alumnoDAO" is null
	at persistencia.persistenciaEscuela.AlumnoDAOTest.testRecuperarAlumnosPorGrupo_RetornaListaFiltrada(AlumnoDAOTest.java:145)
	at java.base/java.lang.reflect.Method.invoke(Method.java:580)
	at java.base/java.util.ArrayList.forEach(ArrayList.java:1596)
	at java.base/java.util.ArrayList.forEach(ArrayList.java:1596)

persistencia.persistenciaEscuela.AlumnoDAOTest.testObtenerAlumno_IdNuloLanzaExcepcion -- Time elapsed: 0.002 s <<< ERROR!
java.lang.NullPointerException: Cannot invoke "persistencia.persistenciaEscuela.IAlumnoDAO.obtenerAlumno(persistencia.entidades.AlumnoEntity)" because "this.alumnoDAO" is null
	at persistencia.persistenciaEscuela.AlumnoDAOTest.testObtenerAlumno_IdNuloLanzaExcepcion(AlumnoDAOTest.java:73)
	at java.base/java.lang.reflect.Method.invoke(Method.java:580)
	at java.base/java.util.ArrayList.forEach(ArrayList.java:1596)
	at java.base/java.util.ArrayList.forEach(ArrayList.java:1596)

persistencia.persistenciaEscuela.AlumnoDAOTest.testObtenerAlumno_ExistenteRetornaAlumno -- Time elapsed: 0.064 s <<< ERROR!
java.lang.NullPointerException: Cannot invoke "persistencia.persistenciaEscuela.IAlumnoDAO.obtenerAlumno(persistencia.entidades.AlumnoEntity)" because "this.alumnoDAO" is null
	at persistencia.persistenciaEscuela.AlumnoDAOTest.testObtenerAlumno_ExistenteRetornaAlumno(AlumnoDAOTest.java:58)
	at java.base/java.lang.reflect.Method.invoke(Method.java:580)
	at java.base/java.util.ArrayList.forEach(ArrayList.java:1596)
	at java.base/java.util.ArrayList.forEach(ArrayList.java:1596)

persistencia.persistenciaEscuela.AlumnoDAOTest.testRendimiento_ObtenerAlumnoPorCurp -- Time elapsed: 0.001 s <<< ERROR!
java.lang.NullPointerException: Cannot invoke "persistencia.persistenciaEscuela.IAlumnoDAO.obtenerAlumnoPorCurp(persistencia.entidades.AlumnoEntity)" because "this.alumnoDAO" is null
	at persistencia.persistenciaEscuela.AlumnoDAOTest.testRendimiento_ObtenerAlumnoPorCurp(AlumnoDAOTest.java:183)
	at java.base/java.lang.reflect.Method.invoke(Method.java:580)
	at java.base/java.util.ArrayList.forEach(ArrayList.java:1596)
	at java.base/java.util.ArrayList.forEach(ArrayList.java:1596)

persistencia.persistenciaEscuela.AlumnoDAOTest.testRendimiento_RecuperarAlumnosPorGrado -- Time elapsed: 0.001 s <<< ERROR!
java.lang.NullPointerException: Cannot invoke "persistencia.persistenciaEscuela.IAlumnoDAO.recuperarAlumnosPorGrado(String)" because "this.alumnoDAO" is null
	at persistencia.persistenciaEscuela.AlumnoDAOTest.testRendimiento_RecuperarAlumnosPorGrado(AlumnoDAOTest.java:200)
	at java.base/java.lang.reflect.Method.invoke(Method.java:580)
	at java.base/java.util.ArrayList.forEach(ArrayList.java:1596)
	at java.base/java.util.ArrayList.forEach(ArrayList.java:1596)

persistencia.persistenciaEscuela.AlumnoDAOTest.testRecuperarAlumnosPorGradoYGrupo_RetornaListaCorrecta -- Time elapsed: 0.002 s <<< ERROR!
java.lang.NullPointerException: Cannot invoke "persistencia.persistenciaEscuela.IAlumnoDAO.recuperarAlumnosPorGradoYGrupo(String, String)" because "this.alumnoDAO" is null
	at persistencia.persistenciaEscuela.AlumnoDAOTest.testRecuperarAlumnosPorGradoYGrupo_RetornaListaCorrecta(AlumnoDAOTest.java:163)
	at java.base/java.lang.reflect.Method.invoke(Method.java:580)
	at java.base/java.util.ArrayList.forEach(ArrayList.java:1596)
	at java.base/java.util.ArrayList.forEach(ArrayList.java:1596)

persistencia.persistenciaEscuela.AlumnoDAOTest.testObtenerAlumnoPorCurp_CurpNulaLanzaExcepcion -- Time elapsed: 0.002 s <<< ERROR!
java.lang.NullPointerException: Cannot invoke "persistencia.persistenciaEscuela.IAlumnoDAO.obtenerAlumnoPorCurp(persistencia.entidades.AlumnoEntity)" because "this.alumnoDAO" is null
	at persistencia.persistenciaEscuela.AlumnoDAOTest.testObtenerAlumnoPorCurp_CurpNulaLanzaExcepcion(AlumnoDAOTest.java:109)
	at java.base/java.lang.reflect.Method.invoke(Method.java:580)
	at java.base/java.util.ArrayList.forEach(ArrayList.java:1596)
	at java.base/java.util.ArrayList.forEach(ArrayList.java:1596)

persistencia.persistenciaEscuela.AlumnoDAOTest.testObtenerAlumnoPorCurp_ExistenteRetornaAlumno -- Time elapsed: 0.001 s <<< ERROR!
java.lang.NullPointerException: Cannot invoke "persistencia.persistenciaEscuela.IAlumnoDAO.obtenerAlumnoPorCurp(persistencia.entidades.AlumnoEntity)" because "this.alumnoDAO" is null
	at persistencia.persistenciaEscuela.AlumnoDAOTest.testObtenerAlumnoPorCurp_ExistenteRetornaAlumno(AlumnoDAOTest.java:94)
	at java.base/java.lang.reflect.Method.invoke(Method.java:580)
	at java.base/java.util.ArrayList.forEach(ArrayList.java:1596)
	at java.base/java.util.ArrayList.forEach(ArrayList.java:1596)

