<?xml version="1.0" encoding="UTF-8"?>
<testsuite xmlns:xsi="http://www.w3.org/2001/XMLSchema-instance" xsi:noNamespaceSchemaLocation="https://maven.apache.org/surefire/maven-surefire-plugin/xsd/surefire-test-report-3.0.xsd" version="3.0" name="persistencia.persistenciaSistema.IReportesDAOTest" time="1.433" tests="9" errors="0" skipped="0" failures="0">
  <properties>
[...]
</properties>
  <testcase name="deberiaRetornarFalsoCuandoHayErrorDeNotificacion" classname="persistencia.persistenciaSistema.IReportesDAOTest" time="1.329">
    <system-err><![CDATA[WARNING: A Java agent has been loaded dynamically (C:\Users\olive\.m2\repository\net\bytebuddy\byte-buddy-agent\1.14.5\byte-buddy-agent-1.14.5.jar)
WARNING: If a serviceability tool is in use, please run with -XX:+EnableDynamicAgentLoading to hide this warning
WARNING: If a serviceability tool is not in use, please run with -Djdk.instrument.traceUsage for more information
WARNING: Dynamic loading of agents will be disallowed by default in a future release
nov 03, 2024 7:51:14 P. M. com.mongodb.diagnostics.logging.JULLogger log
INFO: Cluster created with settings {hosts=[localhost:27017], mode=SINGLE, requiredClusterType=UNKNOWN, serverSelectionTimeout='30000 ms', maxWaitQueueSize=500}
nov 03, 2024 7:51:15 P. M. persistencia.persistenciaSistema.ReportesDAO notificarReporte
SEVERE: Hubo un error al cambiar estado de notificado: 
]]></system-err>
  </testcase>
  <testcase name="deberiaLanzarExcepcionCuandoHayErrorDeRecuperacion" classname="persistencia.persistenciaSistema.IReportesDAOTest" time="0.011">
    <system-err><![CDATA[nov 03, 2024 7:51:15 P. M. com.mongodb.diagnostics.logging.JULLogger log
INFO: Opened connection [connectionId{localValue:1}] to localhost:27017
]]></system-err>
  </testcase>
  <testcase name="deberiaLanzarExcepcionCuandoHayErrorDeInsercion" classname="persistencia.persistenciaSistema.IReportesDAOTest" time="0.01">
    <system-err><![CDATA[nov 03, 2024 7:51:15 P. M. persistencia.persistenciaSistema.ReportesDAO insertarReporte
WARNING: Ocurrió algo al insertar reportes: Error de conexión
nov 03, 2024 7:51:15 P. M. com.mongodb.diagnostics.logging.JULLogger log
INFO: Monitor thread successfully connected to server with description ServerDescription{address=localhost:27017, type=STANDALONE, state=CONNECTED, ok=true, version=ServerVersion{versionList=[7, 0, 12]}, minWireVersion=0, maxWireVersion=21, maxDocumentSize=16777216, logicalSessionTimeoutMinutes=30, roundTripTimeNanos=9702900}
]]></system-err>
  </testcase>
  <testcase name="deberiaInsertarReporteExitosamente" classname="persistencia.persistenciaSistema.IReportesDAOTest" time="0.014"/>
  <testcase name="deberiaLanzarExcepcionCuandoHayErrorDeModificacion" classname="persistencia.persistenciaSistema.IReportesDAOTest" time="0.004">
    <system-err><![CDATA[nov 03, 2024 7:51:15 P. M. persistencia.persistenciaSistema.ReportesDAO modificarReporte
SEVERE: No se pudo modificar el reporte
]]></system-err>
  </testcase>
  <testcase name="deberiaRecuperarTodosLosReportes" classname="persistencia.persistenciaSistema.IReportesDAOTest" time="0.007"/>
  <testcase name="deberiaRetornarNullCuandoReporteNoExiste" classname="persistencia.persistenciaSistema.IReportesDAOTest" time="0.006"/>
  <testcase name="deberiaLanzarExcepcionCuandoHayErrorDeRecuperacionPorAlumno" classname="persistencia.persistenciaSistema.IReportesDAOTest" time="0.003"/>
  <testcase name="deberiaCompletarOperacionEnTiempoEsperado" classname="persistencia.persistenciaSistema.IReportesDAOTest" time="0.01"/>
</testsuite>