<?xml version="1.0" encoding="UTF-8"?>
<testsuite xmlns:xsi="http://www.w3.org/2001/XMLSchema-instance" xsi:noNamespaceSchemaLocation="https://maven.apache.org/surefire/maven-surefire-plugin/xsd/surefire-test-report-3.0.xsd" version="3.0" name="persistencia.persistenciaEscuela.AlumnoDAOTest" time="0.234" tests="14" errors="10" skipped="0" failures="0">
  <properties>
[...]
</properties>
  <testcase name="testRecuperarAlumnosPorGrado_RetornaListaFiltrada" classname="persistencia.persistenciaEscuela.AlumnoDAOTest" time="0.065">
    <error message="Cannot invoke &quot;persistencia.persistenciaEscuela.IAlumnoDAO.recuperarAlumnosPorGrado(String)&quot; because &quot;this.alumnoDAO&quot; is null" type="java.lang.NullPointerException"><![CDATA[java.lang.NullPointerException: Cannot invoke "persistencia.persistenciaEscuela.IAlumnoDAO.recuperarAlumnosPorGrado(String)" because "this.alumnoDAO" is null
	at persistencia.persistenciaEscuela.AlumnoDAOTest.testRecuperarAlumnosPorGrado_RetornaListaFiltrada(AlumnoDAOTest.java:128)
	at java.base/java.lang.reflect.Method.invoke(Method.java:580)
	at java.base/java.util.ArrayList.forEach(ArrayList.java:1596)
	at java.base/java.util.ArrayList.forEach(ArrayList.java:1596)
]]></error>
  </testcase>
  <testcase name="testConcurrencia_MultiplesBusquedasSimultaneas" classname="persistencia.persistenciaEscuela.AlumnoDAOTest" time="0.004">
    <error message="Cannot invoke &quot;persistencia.persistenciaEscuela.IAlumnoDAO.recuperarAlumnosPorGrado(String)&quot; because &quot;this.alumnoDAO&quot; is null" type="java.lang.NullPointerException"><![CDATA[java.lang.NullPointerException: Cannot invoke "persistencia.persistenciaEscuela.IAlumnoDAO.recuperarAlumnosPorGrado(String)" because "this.alumnoDAO" is null
	at persistencia.persistenciaEscuela.AlumnoDAOTest.testConcurrencia_MultiplesBusquedasSimultaneas(AlumnoDAOTest.java:217)
	at java.base/java.lang.reflect.Method.invoke(Method.java:580)
	at java.base/java.util.ArrayList.forEach(ArrayList.java:1596)
	at java.base/java.util.ArrayList.forEach(ArrayList.java:1596)
]]></error>
  </testcase>
  <testcase name="testRecuperarAlumnosPorGrupo_RetornaListaFiltrada" classname="persistencia.persistenciaEscuela.AlumnoDAOTest" time="0.002">
    <error message="Cannot invoke &quot;persistencia.persistenciaEscuela.IAlumnoDAO.recuperarAlumnosPorGrupo(String)&quot; because &quot;this.alumnoDAO&quot; is null" type="java.lang.NullPointerException"><![CDATA[java.lang.NullPointerException: Cannot invoke "persistencia.persistenciaEscuela.IAlumnoDAO.recuperarAlumnosPorGrupo(String)" because "this.alumnoDAO" is null
	at persistencia.persistenciaEscuela.AlumnoDAOTest.testRecuperarAlumnosPorGrupo_RetornaListaFiltrada(AlumnoDAOTest.java:145)
	at java.base/java.lang.reflect.Method.invoke(Method.java:580)
	at java.base/java.util.ArrayList.forEach(ArrayList.java:1596)
	at java.base/java.util.ArrayList.forEach(ArrayList.java:1596)
]]></error>
  </testcase>
  <testcase name="testEstructura_VerificarFormatoCURP" classname="persistencia.persistenciaEscuela.AlumnoDAOTest" time="0.005"/>
  <testcase name="testEstructura_VerificarFormatoUrlFoto" classname="persistencia.persistenciaEscuela.AlumnoDAOTest" time="0.002"/>
  <testcase name="testObtenerAlumno_IdNuloLanzaExcepcion" classname="persistencia.persistenciaEscuela.AlumnoDAOTest" time="0.002">
    <error message="Cannot invoke &quot;persistencia.persistenciaEscuela.IAlumnoDAO.obtenerAlumno(persistencia.entidades.AlumnoEntity)&quot; because &quot;this.alumnoDAO&quot; is null" type="java.lang.NullPointerException"><![CDATA[java.lang.NullPointerException: Cannot invoke "persistencia.persistenciaEscuela.IAlumnoDAO.obtenerAlumno(persistencia.entidades.AlumnoEntity)" because "this.alumnoDAO" is null
	at persistencia.persistenciaEscuela.AlumnoDAOTest.testObtenerAlumno_IdNuloLanzaExcepcion(AlumnoDAOTest.java:73)
	at java.base/java.lang.reflect.Method.invoke(Method.java:580)
	at java.base/java.util.ArrayList.forEach(ArrayList.java:1596)
	at java.base/java.util.ArrayList.forEach(ArrayList.java:1596)
]]></error>
  </testcase>
  <testcase name="testObtenerAlumno_ExistenteRetornaAlumno" classname="persistencia.persistenciaEscuela.AlumnoDAOTest" time="0.064">
    <error message="Cannot invoke &quot;persistencia.persistenciaEscuela.IAlumnoDAO.obtenerAlumno(persistencia.entidades.AlumnoEntity)&quot; because &quot;this.alumnoDAO&quot; is null" type="java.lang.NullPointerException"><![CDATA[java.lang.NullPointerException: Cannot invoke "persistencia.persistenciaEscuela.IAlumnoDAO.obtenerAlumno(persistencia.entidades.AlumnoEntity)" because "this.alumnoDAO" is null
	at persistencia.persistenciaEscuela.AlumnoDAOTest.testObtenerAlumno_ExistenteRetornaAlumno(AlumnoDAOTest.java:58)
	at java.base/java.lang.reflect.Method.invoke(Method.java:580)
	at java.base/java.util.ArrayList.forEach(ArrayList.java:1596)
	at java.base/java.util.ArrayList.forEach(ArrayList.java:1596)
]]></error>
  </testcase>
  <testcase name="testEstructura_VerificarFormatoGradoGrupo" classname="persistencia.persistenciaEscuela.AlumnoDAOTest" time="0.001"/>
  <testcase name="testEstructura_VerificarFormatoEmail" classname="persistencia.persistenciaEscuela.AlumnoDAOTest" time="0.002"/>
  <testcase name="testRendimiento_ObtenerAlumnoPorCurp" classname="persistencia.persistenciaEscuela.AlumnoDAOTest" time="0.001">
    <error message="Cannot invoke &quot;persistencia.persistenciaEscuela.IAlumnoDAO.obtenerAlumnoPorCurp(persistencia.entidades.AlumnoEntity)&quot; because &quot;this.alumnoDAO&quot; is null" type="java.lang.NullPointerException"><![CDATA[java.lang.NullPointerException: Cannot invoke "persistencia.persistenciaEscuela.IAlumnoDAO.obtenerAlumnoPorCurp(persistencia.entidades.AlumnoEntity)" because "this.alumnoDAO" is null
	at persistencia.persistenciaEscuela.AlumnoDAOTest.testRendimiento_ObtenerAlumnoPorCurp(AlumnoDAOTest.java:183)
	at java.base/java.lang.reflect.Method.invoke(Method.java:580)
	at java.base/java.util.ArrayList.forEach(ArrayList.java:1596)
	at java.base/java.util.ArrayList.forEach(ArrayList.java:1596)
]]></error>
  </testcase>
  <testcase name="testRendimiento_RecuperarAlumnosPorGrado" classname="persistencia.persistenciaEscuela.AlumnoDAOTest" time="0.001">
    <error message="Cannot invoke &quot;persistencia.persistenciaEscuela.IAlumnoDAO.recuperarAlumnosPorGrado(String)&quot; because &quot;this.alumnoDAO&quot; is null" type="java.lang.NullPointerException"><![CDATA[java.lang.NullPointerException: Cannot invoke "persistencia.persistenciaEscuela.IAlumnoDAO.recuperarAlumnosPorGrado(String)" because "this.alumnoDAO" is null
	at persistencia.persistenciaEscuela.AlumnoDAOTest.testRendimiento_RecuperarAlumnosPorGrado(AlumnoDAOTest.java:200)
	at java.base/java.lang.reflect.Method.invoke(Method.java:580)
	at java.base/java.util.ArrayList.forEach(ArrayList.java:1596)
	at java.base/java.util.ArrayList.forEach(ArrayList.java:1596)
]]></error>
  </testcase>
  <testcase name="testRecuperarAlumnosPorGradoYGrupo_RetornaListaCorrecta" classname="persistencia.persistenciaEscuela.AlumnoDAOTest" time="0.002">
    <error message="Cannot invoke &quot;persistencia.persistenciaEscuela.IAlumnoDAO.recuperarAlumnosPorGradoYGrupo(String, String)&quot; because &quot;this.alumnoDAO&quot; is null" type="java.lang.NullPointerException"><![CDATA[java.lang.NullPointerException: Cannot invoke "persistencia.persistenciaEscuela.IAlumnoDAO.recuperarAlumnosPorGradoYGrupo(String, String)" because "this.alumnoDAO" is null
	at persistencia.persistenciaEscuela.AlumnoDAOTest.testRecuperarAlumnosPorGradoYGrupo_RetornaListaCorrecta(AlumnoDAOTest.java:163)
	at java.base/java.lang.reflect.Method.invoke(Method.java:580)
	at java.base/java.util.ArrayList.forEach(ArrayList.java:1596)
	at java.base/java.util.ArrayList.forEach(ArrayList.java:1596)
]]></error>
  </testcase>
  <testcase name="testObtenerAlumnoPorCurp_CurpNulaLanzaExcepcion" classname="persistencia.persistenciaEscuela.AlumnoDAOTest" time="0.002">
    <error message="Cannot invoke &quot;persistencia.persistenciaEscuela.IAlumnoDAO.obtenerAlumnoPorCurp(persistencia.entidades.AlumnoEntity)&quot; because &quot;this.alumnoDAO&quot; is null" type="java.lang.NullPointerException"><![CDATA[java.lang.NullPointerException: Cannot invoke "persistencia.persistenciaEscuela.IAlumnoDAO.obtenerAlumnoPorCurp(persistencia.entidades.AlumnoEntity)" because "this.alumnoDAO" is null
	at persistencia.persistenciaEscuela.AlumnoDAOTest.testObtenerAlumnoPorCurp_CurpNulaLanzaExcepcion(AlumnoDAOTest.java:109)
	at java.base/java.lang.reflect.Method.invoke(Method.java:580)
	at java.base/java.util.ArrayList.forEach(ArrayList.java:1596)
	at java.base/java.util.ArrayList.forEach(ArrayList.java:1596)
]]></error>
  </testcase>
  <testcase name="testObtenerAlumnoPorCurp_ExistenteRetornaAlumno" classname="persistencia.persistenciaEscuela.AlumnoDAOTest" time="0.001">
    <error message="Cannot invoke &quot;persistencia.persistenciaEscuela.IAlumnoDAO.obtenerAlumnoPorCurp(persistencia.entidades.AlumnoEntity)&quot; because &quot;this.alumnoDAO&quot; is null" type="java.lang.NullPointerException"><![CDATA[java.lang.NullPointerException: Cannot invoke "persistencia.persistenciaEscuela.IAlumnoDAO.obtenerAlumnoPorCurp(persistencia.entidades.AlumnoEntity)" because "this.alumnoDAO" is null
	at persistencia.persistenciaEscuela.AlumnoDAOTest.testObtenerAlumnoPorCurp_ExistenteRetornaAlumno(AlumnoDAOTest.java:94)
	at java.base/java.lang.reflect.Method.invoke(Method.java:580)
	at java.base/java.util.ArrayList.forEach(ArrayList.java:1596)
	at java.base/java.util.ArrayList.forEach(ArrayList.java:1596)
]]></error>
  </testcase>
</testsuite>