<?xml version="1.0" encoding="UTF-8"?>
<testsuite xmlns:xsi="http://www.w3.org/2001/XMLSchema-instance" xsi:noNamespaceSchemaLocation="https://maven.apache.org/surefire/maven-surefire-plugin/xsd/surefire-test-report-3.0.xsd" version="3.0" name="persistencia.persistenciaSistema.ReportesDAOTest" time="1.464" tests="13" errors="0" skipped="0" failures="4">
  <properties>
[...]
</properties>
  <testcase name="deberiaRetornarFalsoCuandoHayErrorDeNotificacion" classname="persistencia.persistenciaSistema.ReportesDAOTest" time="1.318">
    <system-err><![CDATA[WARNING: A Java agent has been loaded dynamically (C:\Users\olive\.m2\repository\net\bytebuddy\byte-buddy-agent\1.14.5\byte-buddy-agent-1.14.5.jar)
WARNING: If a serviceability tool is in use, please run with -XX:+EnableDynamicAgentLoading to hide this warning
WARNING: If a serviceability tool is not in use, please run with -Djdk.instrument.traceUsage for more information
WARNING: Dynamic loading of agents will be disallowed by default in a future release
nov 03, 2024 5:56:16 P. M. com.mongodb.diagnostics.logging.JULLogger log
INFO: Cluster created with settings {hosts=[localhost:27017], mode=SINGLE, requiredClusterType=UNKNOWN, serverSelectionTimeout='30000 ms', maxWaitQueueSize=500}
nov 03, 2024 5:56:17 P. M. persistencia.persistenciaSistema.ReportesDAO notificarReporte
SEVERE: Hubo un error al cambiar estado de notificado: 
]]></system-err>
  </testcase>
  <testcase name="deberiaLanzarExcepcionCuandoHayErrorDeRecuperacion" classname="persistencia.persistenciaSistema.ReportesDAOTest" time="0.008"/>
  <testcase name="deberiaLanzarExcepcionCuandoHayErrorDeInsercion" classname="persistencia.persistenciaSistema.ReportesDAOTest" time="0.009">
    <system-err><![CDATA[nov 03, 2024 5:56:17 P. M. com.mongodb.diagnostics.logging.JULLogger log
INFO: Opened connection [connectionId{localValue:1}] to localhost:27017
nov 03, 2024 5:56:17 P. M. persistencia.persistenciaSistema.ReportesDAO insertarReporte
WARNING: Ocurrió algo al insertar reportes: Error de conexión
]]></system-err>
  </testcase>
  <testcase name="deberiaInsertarReporteExitosamente" classname="persistencia.persistenciaSistema.ReportesDAOTest" time="0.019">
    <system-err><![CDATA[nov 03, 2024 5:56:17 P. M. com.mongodb.diagnostics.logging.JULLogger log
INFO: Monitor thread successfully connected to server with description ServerDescription{address=localhost:27017, type=STANDALONE, state=CONNECTED, ok=true, version=ServerVersion{versionList=[7, 0, 12]}, minWireVersion=0, maxWireVersion=21, maxDocumentSize=16777216, logicalSessionTimeoutMinutes=30, roundTripTimeNanos=7113500}
]]></system-err>
  </testcase>
  <testcase name="deberiaLanzarExcepcionCuandoHayErrorDeModificacion" classname="persistencia.persistenciaSistema.ReportesDAOTest" time="0.003">
    <system-err><![CDATA[nov 03, 2024 5:56:17 P. M. persistencia.persistenciaSistema.ReportesDAO modificarReporte
SEVERE: No se pudo modificar el reporte
]]></system-err>
  </testcase>
  <testcase name="deberiaRecuperarTodosLosReportes" classname="persistencia.persistenciaSistema.ReportesDAOTest" time="0.006"/>
  <testcase name="deberiaModificarReporteExitosamente" classname="persistencia.persistenciaSistema.ReportesDAOTest" time="0.007">
    <failure message="Unexpected exception thrown: java.lang.NullPointerException: Cannot invoke &quot;com.mongodb.client.FindIterable.first()&quot; because the return value of &quot;com.mongodb.client.MongoCollection.find(org.bson.conversions.Bson)&quot; is null" type="org.opentest4j.AssertionFailedError"><![CDATA[org.opentest4j.AssertionFailedError: Unexpected exception thrown: java.lang.NullPointerException: Cannot invoke "com.mongodb.client.FindIterable.first()" because the return value of "com.mongodb.client.MongoCollection.find(org.bson.conversions.Bson)" is null
	at org.junit.jupiter.api.AssertionFailureBuilder.build(AssertionFailureBuilder.java:152)
	at org.junit.jupiter.api.AssertDoesNotThrow.createAssertionFailedError(AssertDoesNotThrow.java:84)
	at org.junit.jupiter.api.AssertDoesNotThrow.assertDoesNotThrow(AssertDoesNotThrow.java:53)
	at org.junit.jupiter.api.AssertDoesNotThrow.assertDoesNotThrow(AssertDoesNotThrow.java:36)
	at org.junit.jupiter.api.Assertions.assertDoesNotThrow(Assertions.java:3168)
	at persistencia.persistenciaSistema.ReportesDAOTest.deberiaModificarReporteExitosamente(ReportesDAOTest.java:122)
	at java.base/java.lang.reflect.Method.invoke(Method.java:580)
	at java.base/java.util.ArrayList.forEach(ArrayList.java:1596)
	at java.base/java.util.ArrayList.forEach(ArrayList.java:1596)
Caused by: java.lang.NullPointerException: Cannot invoke "com.mongodb.client.FindIterable.first()" because the return value of "com.mongodb.client.MongoCollection.find(org.bson.conversions.Bson)" is null
	at persistencia.persistenciaSistema.ReportesDAO.modificarReporte(ReportesDAO.java:88)
	at persistencia.persistenciaSistema.ReportesDAOTest.lambda$deberiaModificarReporteExitosamente$4(ReportesDAOTest.java:123)
	at org.junit.jupiter.api.AssertDoesNotThrow.assertDoesNotThrow(AssertDoesNotThrow.java:49)
	... 6 more
]]></failure>
  </testcase>
  <testcase name="deberiaRetornarNullCuandoReporteNoExiste" classname="persistencia.persistenciaSistema.ReportesDAOTest" time="0.007"/>
  <testcase name="deberiaValidarReporteExistente" classname="persistencia.persistenciaSistema.ReportesDAOTest" time="0.005">
    <failure message="Unexpected exception thrown: java.lang.NullPointerException: Cannot invoke &quot;com.mongodb.client.FindIterable.first()&quot; because the return value of &quot;com.mongodb.client.MongoCollection.find(org.bson.conversions.Bson)&quot; is null" type="org.opentest4j.AssertionFailedError"><![CDATA[org.opentest4j.AssertionFailedError: Unexpected exception thrown: java.lang.NullPointerException: Cannot invoke "com.mongodb.client.FindIterable.first()" because the return value of "com.mongodb.client.MongoCollection.find(org.bson.conversions.Bson)" is null
	at org.junit.jupiter.api.AssertionFailureBuilder.build(AssertionFailureBuilder.java:152)
	at org.junit.jupiter.api.AssertDoesNotThrow.createAssertionFailedError(AssertDoesNotThrow.java:84)
	at org.junit.jupiter.api.AssertDoesNotThrow.assertDoesNotThrow(AssertDoesNotThrow.java:53)
	at org.junit.jupiter.api.AssertDoesNotThrow.assertDoesNotThrow(AssertDoesNotThrow.java:36)
	at org.junit.jupiter.api.Assertions.assertDoesNotThrow(Assertions.java:3168)
	at persistencia.persistenciaSistema.ReportesDAOTest.deberiaValidarReporteExistente(ReportesDAOTest.java:86)
	at java.base/java.lang.reflect.Method.invoke(Method.java:580)
	at java.base/java.util.ArrayList.forEach(ArrayList.java:1596)
	at java.base/java.util.ArrayList.forEach(ArrayList.java:1596)
Caused by: java.lang.NullPointerException: Cannot invoke "com.mongodb.client.FindIterable.first()" because the return value of "com.mongodb.client.MongoCollection.find(org.bson.conversions.Bson)" is null
	at persistencia.persistenciaSistema.ReportesDAO.validarReporte(ReportesDAO.java:63)
	at persistencia.persistenciaSistema.ReportesDAOTest.lambda$deberiaValidarReporteExistente$2(ReportesDAOTest.java:87)
	at org.junit.jupiter.api.AssertDoesNotThrow.assertDoesNotThrow(AssertDoesNotThrow.java:49)
	... 6 more
]]></failure>
  </testcase>
  <testcase name="deberiaLanzarExcepcionCuandoHayErrorDeRecuperacionPorAlumno" classname="persistencia.persistenciaSistema.ReportesDAOTest" time="0.003"/>
  <testcase name="deberiaNotificarReporteExitosamente" classname="persistencia.persistenciaSistema.ReportesDAOTest" time="0.017">
    <failure message="&#10;Argument(s) are different! Wanted:&#10;coleccion.updateOne(&#10;    Filter{fieldName=&apos;_id&apos;, value=67281bb1a646934670c64910},&#10;    Update{fieldName=&apos;notificado&apos;, operator=&apos;$set&apos;, value=true}&#10;);&#10;-&gt; at persistencia.persistenciaSistema.ReportesDAOTest.deberiaNotificarReporteExitosamente(ReportesDAOTest.java:157)&#10;Actual invocations have different arguments at positions [0, 1]:&#10;coleccion.updateOne(&#10;    Filter{fieldName=&apos;_id&apos;, value=67281bb1a646934670c64910},&#10;    Update{fieldName=&apos;notificado&apos;, operator=&apos;$set&apos;, value=true}&#10;);&#10;-&gt; at persistencia.persistenciaSistema.ReportesDAO.notificarReporte(ReportesDAO.java:94)&#10;" type="Argument(s) are different! Wanted"><![CDATA[Argument(s) are different! Wanted:
coleccion.updateOne(
    Filter{fieldName='_id', value=67281bb1a646934670c64910},
    Update{fieldName='notificado', operator='$set', value=true}
);
-> at persistencia.persistenciaSistema.ReportesDAOTest.deberiaNotificarReporteExitosamente(ReportesDAOTest.java:157)
Actual invocations have different arguments at positions [0, 1]:
coleccion.updateOne(
    Filter{fieldName='_id', value=67281bb1a646934670c64910},
    Update{fieldName='notificado', operator='$set', value=true}
);
-> at persistencia.persistenciaSistema.ReportesDAO.notificarReporte(ReportesDAO.java:94)

	at persistencia.persistenciaSistema.ReportesDAOTest.deberiaNotificarReporteExitosamente(ReportesDAOTest.java:157)
	at java.base/java.lang.reflect.Method.invoke(Method.java:580)
	at java.base/java.util.ArrayList.forEach(ArrayList.java:1596)
	at java.base/java.util.ArrayList.forEach(ArrayList.java:1596)
]]></failure>
  </testcase>
  <testcase name="deberiaRecuperarReportesPorAlumno" classname="persistencia.persistenciaSistema.ReportesDAOTest" time="0.003">
    <failure message="Unexpected exception thrown: persistencia.excepciones.PersistenciaException: Hubo un error al recuperar reportes" type="org.opentest4j.AssertionFailedError"><![CDATA[org.opentest4j.AssertionFailedError: Unexpected exception thrown: persistencia.excepciones.PersistenciaException: Hubo un error al recuperar reportes
	at org.junit.jupiter.api.AssertionFailureBuilder.build(AssertionFailureBuilder.java:152)
	at org.junit.jupiter.api.AssertDoesNotThrow.createAssertionFailedError(AssertDoesNotThrow.java:84)
	at org.junit.jupiter.api.AssertDoesNotThrow.assertDoesNotThrow(AssertDoesNotThrow.java:53)
	at org.junit.jupiter.api.AssertDoesNotThrow.assertDoesNotThrow(AssertDoesNotThrow.java:36)
	at org.junit.jupiter.api.Assertions.assertDoesNotThrow(Assertions.java:3168)
	at persistencia.persistenciaSistema.ReportesDAOTest.deberiaRecuperarReportesPorAlumno(ReportesDAOTest.java:221)
	at java.base/java.lang.reflect.Method.invoke(Method.java:580)
	at java.base/java.util.ArrayList.forEach(ArrayList.java:1596)
	at java.base/java.util.ArrayList.forEach(ArrayList.java:1596)
Caused by: persistencia.excepciones.PersistenciaException: Hubo un error al recuperar reportes
	at persistencia.persistenciaSistema.ReportesDAO.recuperarReportesAlumno(ReportesDAO.java:117)
	at persistencia.persistenciaSistema.ReportesDAOTest.lambda$deberiaRecuperarReportesPorAlumno$10(ReportesDAOTest.java:222)
	at org.junit.jupiter.api.AssertDoesNotThrow.assertDoesNotThrow(AssertDoesNotThrow.java:49)
	... 6 more
]]></failure>
  </testcase>
  <testcase name="deberiaCompletarOperacionEnTiempoEsperado" classname="persistencia.persistenciaSistema.ReportesDAOTest" time="0.011"/>
</testsuite>