<?xml version="1.0" encoding="UTF-8"?>
<testsuite xmlns:xsi="http://www.w3.org/2001/XMLSchema-instance" xsi:noNamespaceSchemaLocation="https://maven.apache.org/surefire/maven-surefire-plugin/xsd/surefire-test-report-3.0.xsd" version="3.0" name="control.GestionarIncidenciasTest" time="0.875" tests="19" errors="0" skipped="0" failures="0">
  <properties>
[...]
</properties>
  <testcase name="TestRecuperarReportes_ReturnsList_Successfully" classname="control.GestionarIncidenciasTest" time="0.053">
    <system-err><![CDATA[WARNING: A Java agent has been loaded dynamically (C:\Users\PC\.m2\repository\net\bytebuddy\byte-buddy-agent\1.14.5\byte-buddy-agent-1.14.5.jar)
WARNING: If a serviceability tool is in use, please run with -XX:+EnableDynamicAgentLoading to hide this warning
WARNING: If a serviceability tool is not in use, please run with -Djdk.instrument.traceUsage for more information
WARNING: Dynamic loading of agents will be disallowed by default in a future release
]]></system-err>
  </testcase>
  <testcase name="TestvalidarReporte_InputValido_Successfully" classname="control.GestionarIncidenciasTest" time="0.003"/>
  <testcase name="TestRecuperarReportesAlumno_InputValido_ReturnsEmptyList" classname="control.GestionarIncidenciasTest" time="0.002"/>
  <testcase name="TestNotificarReporte_InputInvalido_ThrowsException" classname="control.GestionarIncidenciasTest" time="0.009"/>
  <testcase name="TestRecuperarAlumnosPorGrado_InputInvalido_ThrowsException" classname="control.GestionarIncidenciasTest" time="0.001"/>
  <testcase name="TestRecuperarAlumnosPorGradoYGrupo_InputValido_Successfully" classname="control.GestionarIncidenciasTest" time="0.001"/>
  <testcase name="TestConvertirReportesAReporteExpediente_InputNull_ThrowsException" classname="control.GestionarIncidenciasTest" time="0.002"/>
  <testcase name="TestCrearReporte_InputReporteVacio_ThrowsException" classname="control.GestionarIncidenciasTest" time="0.002"/>
  <testcase name="TestRecuperarAlumnosPorGrado_ReturnsList_Successfully" classname="control.GestionarIncidenciasTest" time="0.001"/>
  <testcase name="TestRecuperarAlumnosPorGrupo_InputInvalido_ThrowsException" classname="control.GestionarIncidenciasTest" time="0.001"/>
  <testcase name="TestRecuperarReportes_ReturnsEmptyList_WhenNoReports" classname="control.GestionarIncidenciasTest" time="0.001"/>
  <testcase name="TestcrearReporte_InputValido_Successfully" classname="control.GestionarIncidenciasTest" time="0.002"/>
  <testcase name="TestcrearReporte_InputInvalido_Failed" classname="control.GestionarIncidenciasTest" time="0.001"/>
  <testcase name="TestNotificarReporte_InputValido_Successfully" classname="control.GestionarIncidenciasTest" time="0.001"/>
  <testcase name="TestInsertDatosSimulados_Successfully" classname="control.GestionarIncidenciasTest" time="0.0"/>
  <testcase name="TestRecuperarReportesAlumno_ReturnsList_Successfully" classname="control.GestionarIncidenciasTest" time="0.001"/>
  <testcase name="TestInsertDatosSimulados_ThrowsException" classname="control.GestionarIncidenciasTest" time="0.001"/>
  <testcase name="TestValidarReporte_InputNull_ThrowsException" classname="control.GestionarIncidenciasTest" time="0.001"/>
  <testcase name="TestRecuperarAlumnosPorGrupo_ReturnsList_Successfully" classname="control.GestionarIncidenciasTest" time="0.001"/>
</testsuite>